


## ---------------------- ##
## Running config.status. ##
## ---------------------- ##

This file was extended by ntp config.status 4.2.8p12, which was
generated by GNU Autoconf 2.69.  Invocation command line was

  CONFIG_FILES    = 
  CONFIG_HEADERS  = 
  CONFIG_LINKS    = 
  CONFIG_COMMANDS = 
  $ ../config.status --file=ntp.keys.5+:./ntp.keys.mdoc.in

on a531e8500415

## ---------------------- ##
## Running config.status. ##
## ---------------------- ##

This file was extended by ntp config.status 4.2.8p12, which was
generated by GNU Autoconf 2.69.  Invocation command line was

  CONFIG_FILES    = 
  CONFIG_HEADERS  = 
  CONFIG_LINKS    = 
  CONFIG_COMMANDS = 
  $ ../config.status --file=ntpd.8+:./ntpd.mdoc.in

on a531e8500415

## ---------------------- ##
## Running config.status. ##
## ---------------------- ##

This file was extended by ntp config.status 4.2.8p12, which was
generated by GNU Autoconf 2.69.  Invocation command line was

  CONFIG_FILES    = 
  CONFIG_HEADERS  = 
  CONFIG_LINKS    = 
  CONFIG_COMMANDS = 
  $ ../config.status --file=ntp.conf.5+:./ntp.conf.mdoc.in

on a531e8500415

config.status:1679: creating ntp.keys.5+
config.status:1679: creating ntp.conf.5+
config.status:1679: creating ntpd.8+



## ---------------------- ##
## Running config.status. ##
## ---------------------- ##

This file was extended by ntp config.status 4.2.8p12, which was
generated by GNU Autoconf 2.69.  Invocation command line was

  CONFIG_FILES    = 
  CONFIG_HEADERS  = 
  CONFIG_LINKS    = 
  CONFIG_COMMANDS = 
  $ ../config.status --file=ntp.keys.5+:./ntp.keys.mdoc.in

on 9e19096dd2ee

## ---------------------- ##
## Running config.status. ##
## ---------------------- ##

This file was extended by ntp config.status 4.2.8p12, which was
generated by GNU Autoconf 2.69.  Invocation command line was

  CONFIG_FILES    = 
  CONFIG_HEADERS  = 
  CONFIG_LINKS    = 
  CONFIG_COMMANDS = 
  $ ../config.status --file=ntpd.8+:./ntpd.mdoc.in

on 9e19096dd2ee

## ---------------------- ##
## Running config.status. ##
## ---------------------- ##

This file was extended by ntp config.status 4.2.8p12, which was
generated by GNU Autoconf 2.69.  Invocation command line was

  CONFIG_FILES    = 
  CONFIG_HEADERS  = 
  CONFIG_LINKS    = 
  CONFIG_COMMANDS = 
  $ ../config.status --file=ntp.conf.5+:./ntp.conf.mdoc.in

on 9e19096dd2ee

config.status:1679: creating ntp.keys.5+
config.status:1679: creating ntpd.8+
config.status:1679: creating ntp.conf.5+



## ---------------------- ##
## Running config.status. ##
## ---------------------- ##
## ---------------------- ##
## Running config.status. ##
## ---------------------- ##
## ---------------------- ##
## Running config.status. ##
## ---------------------- ##

This file was extended by ntp config.status 4.2.8p12, which was
generated by GNU Autoconf 2.69.  Invocation command line was

  CONFIG_FILES    = 
  CONFIG_HEADERS  = 
  CONFIG_LINKS    = 
  CONFIG_COMMANDS = 
  $ ../config.status --file=ntp.conf.5+:./ntp.conf.mdoc.in

on 8fffec66ae39


This file was extended by ntp config.status 4.2.8p12, which was
generated by GNU Autoconf 2.69.  Invocation command line was

  CONFIG_FILES    = 
  CONFIG_HEADERS  = 
  CONFIG_LINKS    = 
  CONFIG_COMMANDS = 
  $ ../config.status --file=ntpd.8+:./ntpd.mdoc.in

on 8fffec66ae39


This file was extended by ntp config.status 4.2.8p12, which was
generated by GNU Autoconf 2.69.  Invocation command line was

  CONFIG_FILES    = 
  CONFIG_HEADERS  = 
  CONFIG_LINKS    = 
  CONFIG_COMMANDS = 
  $ ../config.status --file=ntp.keys.5+:./ntp.keys.mdoc.in

on 8fffec66ae39

config.status:1679: creating ntp.conf.5+
config.status:1679: creating ntpd.8+
config.status:1679: creating ntp.keys.5+
