
## ---------------------- ##
## Running config.status. ##
## ---------------------- ##

This file was extended by ntp config.status 4.2.8p12, which was
generated by GNU Autoconf 2.69.  Invocation command line was

  CONFIG_FILES    = 
  CONFIG_HEADERS  = 
  CONFIG_LINKS    = 
  CONFIG_COMMANDS = 
  $ ../../config.status --file=calc_tickadj.1+:./calc_tickadj.mdoc.in

on a531e8500415

config.status:1679: creating calc_tickadj.1+

## ---------------------- ##
## Running config.status. ##
## ---------------------- ##

This file was extended by ntp config.status 4.2.8p12, which was
generated by GNU Autoconf 2.69.  Invocation command line was

  CONFIG_FILES    = 
  CONFIG_HEADERS  = 
  CONFIG_LINKS    = 
  CONFIG_COMMANDS = 
  $ ../../config.status --file=calc_tickadj.1+:./calc_tickadj.mdoc.in

on 9e19096dd2ee

config.status:1679: creating calc_tickadj.1+

## ---------------------- ##
## Running config.status. ##
## ---------------------- ##

This file was extended by ntp config.status 4.2.8p12, which was
generated by GNU Autoconf 2.69.  Invocation command line was

  CONFIG_FILES    = 
  CONFIG_HEADERS  = 
  CONFIG_LINKS    = 
  CONFIG_COMMANDS = 
  $ ../../config.status --file=calc_tickadj.1+:./calc_tickadj.mdoc.in

on 8fffec66ae39

config.status:1679: creating calc_tickadj.1+
